[23:56:55] [Info] Приложение запущено.
[23:56:58] [Info] Запрошена информация о процесса chrome
[23:56:58] [Info] Запущено обновление таблицы!
[23:57:00] [Warn] Обновление уже запущено!
[23:57:01] [Info] Остановлено обновление таблицы!
[23:57:02] [Info] Запущено обновление таблицы!
[23:57:03] [Info] Остановлено обновление таблицы!
[23:57:04] [Warn] Обновление уже остановлено!
[23:57:05] [Info] Запущено обновление таблицы!
[23:57:06] [Info] Остановлено обновление таблицы!
[23:57:07] [Info] Запущено обновление таблицы!
[23:57:11] [Warn] Обновление уже запущено!
[23:57:11] [Warn] Обновление уже запущено!
[23:57:12] [Info] Остановлено обновление таблицы!
[23:57:14] [Warn] Обновление уже остановлено!
[23:57:16] [Warn] Обновление уже остановлено!
[23:57:18] [Warn] Обновление уже остановлено!
[23:57:22] [Info] Процесс chrome остановлен.
[23:57:26] [Info] Запущено обновление таблицы!
[23:57:26] [Info] Запущен новый процесс 5128 chrome.
[23:57:26] [Info] Запущен новый процесс 1584 chrome.
[23:57:26] [Info] Запущен новый процесс 5900 chrome.
[23:57:26] [Info] Запущен новый процесс 5464 chrome.
[23:57:26] [Info] Запущен новый процесс 5428 chrome.
[23:57:26] [Info] Запущен новый процесс 12068 chrome.
[23:57:26] [Info] Запущен новый процесс 5844 chrome.
[23:57:26] [Info] Запущен новый процесс 4524 chrome.
[23:57:26] [Info] Запущен новый процесс 3992 chrome.
[23:57:26] [Info] Запущен новый процесс 19128 chrome.
[23:57:26] [Info] Запущен новый процесс 4832 chrome.
[23:57:26] [Info] Запущен новый процесс 2644 chrome.
[23:57:26] [Info] Запущен новый процесс 3044 chrome.
[23:57:30] [Info] Запущен новый процесс 5128 chrome.
[23:57:30] [Info] Запущен новый процесс 1584 chrome.
[23:57:30] [Info] Запущен новый процесс 5900 chrome.
[23:57:30] [Info] Запущен новый процесс 5464 chrome.
[23:57:30] [Info] Запущен новый процесс 5428 chrome.
[23:57:30] [Info] Запущен новый процесс 12068 chrome.
[23:57:30] [Info] Запущен новый процесс 5844 chrome.
[23:57:30] [Info] Запущен новый процесс 4524 chrome.
[23:57:30] [Info] Запущен новый процесс 3992 chrome.
[23:57:30] [Info] Запущен новый процесс 19128 chrome.
[23:57:30] [Info] Запущен новый процесс 4832 chrome.
[23:57:30] [Info] Запущен новый процесс 2644 chrome.
[23:57:30] [Info] Запущен новый процесс 3044 chrome.
[23:57:34] [Warn] Обновление уже запущено!
[23:57:35] [Info] Запущен новый процесс 5128 chrome.
[23:57:35] [Info] Запущен новый процесс 1584 chrome.
[23:57:35] [Info] Запущен новый процесс 5900 chrome.
[23:57:35] [Info] Запущен новый процесс 5464 chrome.
[23:57:35] [Info] Запущен новый процесс 5428 chrome.
[23:57:35] [Info] Запущен новый процесс 12068 chrome.
[23:57:35] [Info] Запущен новый процесс 5844 chrome.
[23:57:35] [Info] Запущен новый процесс 4524 chrome.
[23:57:35] [Info] Запущен новый процесс 3992 chrome.
[23:57:35] [Info] Запущен новый процесс 19128 chrome.
[23:57:35] [Info] Запущен новый процесс 4832 chrome.
[23:57:35] [Info] Запущен новый процесс 2644 chrome.
[23:57:35] [Info] Запущен новый процесс 3044 chrome.
[23:57:39] [Info] Запущен новый процесс 5128 chrome.
[23:57:39] [Info] Запущен новый процесс 1584 chrome.
[23:57:39] [Info] Запущен новый процесс 5900 chrome.
[23:57:39] [Info] Запущен новый процесс 5464 chrome.
[23:57:39] [Info] Запущен новый процесс 5428 chrome.
[23:57:39] [Info] Запущен новый процесс 12068 chrome.
[23:57:39] [Info] Запущен новый процесс 5844 chrome.
[23:57:39] [Info] Запущен новый процесс 4524 chrome.
[23:57:39] [Info] Запущен новый процесс 3992 chrome.
[23:57:39] [Info] Запущен новый процесс 19128 chrome.
[23:57:39] [Info] Запущен новый процесс 4832 chrome.
[23:57:39] [Info] Запущен новый процесс 2644 chrome.
[23:57:39] [Info] Запущен новый процесс 3044 chrome.
[23:57:43] [Info] Запущен новый процесс 5128 chrome.
[23:57:43] [Info] Запущен новый процесс 1584 chrome.
[23:57:43] [Info] Запущен новый процесс 5900 chrome.
[23:57:43] [Info] Запущен новый процесс 5464 chrome.
[23:57:43] [Info] Запущен новый процесс 5428 chrome.
[23:57:43] [Info] Запущен новый процесс 12068 chrome.
[23:57:43] [Info] Запущен новый процесс 5844 chrome.
[23:57:43] [Info] Запущен новый процесс 4524 chrome.
[23:57:43] [Info] Запущен новый процесс 3992 chrome.
[23:57:43] [Info] Запущен новый процесс 19128 chrome.
[23:57:43] [Info] Запущен новый процесс 4832 chrome.
[23:57:43] [Info] Запущен новый процесс 2644 chrome.
[23:57:43] [Info] Запущен новый процесс 3044 chrome.
[23:58:48] [Info] Запущен новый процесс 5128 chrome.
[23:58:48] [Info] Запущен новый процесс 1584 chrome.
[23:58:48] [Info] Запущен новый процесс 5464 chrome.
[23:58:48] [Info] Запущен новый процесс 16236 chrome.
[23:58:48] [Info] Запущен новый процесс 5428 chrome.
[23:58:48] [Info] Запущен новый процесс 12320 chrome.
[23:58:48] [Info] Запущен новый процесс 5844 chrome.
[23:58:48] [Info] Запущен новый процесс 4524 chrome.
[23:58:48] [Info] Запущен новый процесс 5276 chrome.
[23:58:48] [Info] Запущен новый процесс 4832 chrome.
[23:58:48] [Info] Запущен новый процесс 2644 chrome.
[23:58:48] [Info] Запущен новый процесс 19092 chrome.
[23:58:48] [Info] Запущен новый процесс 3044 chrome.
[23:58:48] [Info] Запущен новый процесс chrome.
[23:58:50] [Info] Процесс chrome остановлен.
[23:58:56] [Info] Запущен новый процесс explorer.
[23:58:56] [Info] Запущен новый процесс chrome.
[23:59:00] [Info] Запущен новый процесс 5128 chrome.
[23:59:00] [Info] Запущен новый процесс 1584 chrome.
[23:59:00] [Info] Запущен новый процесс 5464 chrome.
[23:59:00] [Info] Запущен новый процесс 5428 chrome.
[23:59:00] [Info] Запущен новый процесс 5844 chrome.
[23:59:00] [Info] Запущен новый процесс 4524 chrome.
[23:59:00] [Info] Запущен новый процесс 16968 chrome.
[23:59:00] [Info] Запущен новый процесс 10028 chrome.
[23:59:00] [Info] Запущен новый процесс 4832 chrome.
[23:59:00] [Info] Запущен новый процесс 4816 chrome.
[23:59:00] [Info] Запущен новый процесс 2644 chrome.
[23:59:00] [Info] Запущен новый процесс 10812 chrome.
[23:59:00] [Info] Запущен новый процесс 3044 chrome.
[23:59:00] [Info] Запущен новый процесс 9500 chrome.
[23:59:00] [Info] Запущен новый процесс 1304 chrome.
[23:59:08] [Info] Запущен новый процесс 18316 chrome.
[23:59:08] [Info] Запущен новый процесс 13632 chrome.
[23:59:12] [Info] Запущен новый процесс 16304 chrome.
[23:59:12] [Info] Запущен новый процесс 1732 chrome.
[23:59:12] [Info] Запущен новый процесс 9576 chrome.
[23:59:12] [Info] Запущен новый процесс 5248 chrome.
[23:59:12] [Info] Запущен новый процесс 16012 chrome.
[23:59:12] [Info] Запущен новый процесс 6044 chrome.
[23:59:16] [Info] Запущен новый процесс 19432 chrome.
[23:59:20] [Info] Запущен новый процесс 13760 chrome.
[23:59:20] [Info] Запущен новый процесс 18580 chrome.
[23:59:24] [Info] Запущен новый процесс 11856 chrome.
[23:59:24] [Info] Запущен новый процесс 14420 chrome.
[23:59:24] [Info] Запущен новый процесс 18224 chrome.
[23:59:24] [Info] Запущен новый процесс 1736 chrome.
[23:59:26] [Info] Процесс explorer остановлен.
[23:59:28] [Info] Запущен новый процесс 7348 chrome.
[23:59:28] [Info] Запущен новый процесс 20184 chrome.
[23:59:32] [Info] Запущен новый процесс 16288 chrome.
[23:59:35] [Info] Остановлено обновление таблицы!
[23:59:38] [Info] Запущено обновление таблицы!
[23:59:46] [Warn] Обновление уже запущено!
[23:59:48] [Info] Остановлено обновление таблицы!
[23:59:51] [Info] Процесс chrome остановлен.
[23:59:57] [Info] Запущено обновление таблицы!
[00:00:09] [Info] Остановлено обновление таблицы!
[00:00:10] [Warn] Обновление уже остановлено!
